SF:lib/features/chat/domain/usecases/connect_websocket.dart
DA:9,1
DA:11,1
DA:13,3
DA:19,2
LF:4
LH:4
end_of_record
SF:lib/features/chat/domain/usecases/disconnect_websocket.dart
DA:9,1
DA:11,1
DA:13,2
LF:3
LH:3
end_of_record
SF:lib/features/chat/domain/usecases/send_message.dart
DA:9,1
DA:11,1
DA:13,3
DA:19,2
LF:4
LH:4
end_of_record
SF:lib/core/error/failures.dart
DA:4,1
DA:7,0
DA:8,0
DA:12,1
DA:16,1
LF:5
LH:3
end_of_record
SF:lib/features/chat/domain/entities/message.dart
DA:9,2
DA:16,2
DA:17,10
LF:3
LH:3
end_of_record
SF:lib/features/chat/presentation/bloc/chat_event.dart
DA:4,1
DA:6,0
DA:7,0
DA:13,1
DA:15,0
DA:16,0
DA:24,1
DA:26,0
DA:27,0
DA:33,0
DA:35,0
DA:36,0
DA:42,0
DA:44,0
DA:45,0
LF:15
LH:3
end_of_record
SF:lib/features/chat/presentation/bloc/chat_bloc.dart
DA:22,1
DA:27,2
DA:29,2
DA:30,2
DA:32,4
DA:34,1
DA:35,4
DA:36,1
DA:37,1
DA:38,1
DA:43,2
DA:44,1
DA:46,3
DA:48,1
DA:49,4
DA:50,3
DA:54,2
DA:55,2
DA:56,1
DA:58,4
DA:60,1
DA:61,0
DA:62,1
DA:64,1
DA:65,3
DA:66,1
DA:68,1
DA:71,3
DA:72,2
DA:78,1
DA:79,0
DA:80,0
DA:81,0
DA:82,0
DA:87,1
DA:88,4
DA:89,0
DA:90,0
DA:91,0
DA:92,0
DA:98,1
DA:100,2
DA:101,1
LF:43
LH:34
end_of_record
SF:lib/features/chat/presentation/bloc/chat_state.dart
DA:4,1
DA:6,1
DA:7,1
DA:17,1
DA:19,1
DA:20,2
DA:28,1
DA:30,1
DA:31,2
LF:9
LH:9
end_of_record
