SF:lib/features/chat/domain/usecases/connect_websocket.dart
DA:9,3
DA:11,1
DA:13,3
DA:19,2
LF:4
LH:4
end_of_record
SF:lib/features/chat/domain/usecases/disconnect_websocket.dart
DA:9,3
DA:11,1
DA:13,2
LF:3
LH:3
end_of_record
SF:lib/features/chat/domain/usecases/send_message.dart
DA:9,3
DA:11,1
DA:13,3
DA:19,2
LF:4
LH:4
end_of_record
SF:lib/core/error/failures.dart
DA:4,1
DA:7,0
DA:8,0
DA:12,1
DA:16,1
LF:5
LH:3
end_of_record
SF:lib/features/chat/domain/entities/message.dart
DA:9,3
DA:16,2
DA:17,10
LF:3
LH:3
end_of_record
SF:lib/features/chat/presentation/bloc/chat_event.dart
DA:4,1
DA:6,0
DA:7,0
DA:13,1
DA:15,0
DA:16,0
DA:24,1
DA:26,0
DA:27,0
DA:33,0
DA:35,0
DA:36,0
DA:42,0
DA:44,0
DA:45,0
LF:15
LH:3
end_of_record
SF:lib/features/chat/presentation/bloc/chat_bloc.dart
DA:22,3
DA:27,6
DA:29,4
DA:30,2
DA:32,4
DA:34,1
DA:35,4
DA:36,1
DA:37,1
DA:38,1
DA:43,4
DA:44,1
DA:46,3
DA:48,1
DA:49,4
DA:50,3
DA:54,4
DA:55,2
DA:56,1
DA:58,4
DA:60,1
DA:61,0
DA:62,1
DA:64,1
DA:65,3
DA:66,1
DA:68,1
DA:71,3
DA:72,2
DA:78,3
DA:79,0
DA:80,0
DA:81,0
DA:82,0
DA:87,1
DA:88,4
DA:89,0
DA:90,0
DA:91,0
DA:92,0
DA:98,1
DA:100,2
DA:101,1
LF:43
LH:34
end_of_record
SF:lib/features/chat/presentation/bloc/chat_state.dart
DA:4,4
DA:6,1
DA:7,1
DA:17,2
DA:19,1
DA:20,2
DA:28,1
DA:30,1
DA:31,2
LF:9
LH:9
end_of_record
SF:lib/features/chat/presentation/widgets/message_input.dart
DA:9,2
DA:11,2
DA:12,2
DA:18,0
DA:19,0
DA:20,0
DA:21,0
DA:22,0
DA:26,2
DA:28,2
DA:30,2
DA:31,2
DA:32,2
DA:33,2
DA:34,2
DA:39,4
DA:40,0
DA:44,2
DA:45,6
DA:53,2
DA:55,4
DA:56,2
LF:22
LH:16
end_of_record
SF:lib/features/chat/presentation/widgets/chat_page.dart
DA:9,1
DA:11,1
DA:13,1
DA:14,1
DA:16,3
DA:17,1
DA:18,1
DA:19,1
DA:20,1
DA:22,1
DA:23,1
DA:30,1
DA:31,1
DA:33,1
DA:34,1
DA:35,1
DA:36,1
DA:40,1
DA:44,1
DA:45,2
DA:46,0
DA:47,0
DA:48,0
DA:50,0
DA:53,0
DA:54,0
DA:69,1
DA:70,1
DA:71,1
DA:72,1
DA:81,1
DA:82,1
DA:83,1
DA:85,1
DA:86,1
DA:98,0
DA:99,0
DA:101,0
DA:102,0
DA:115,0
DA:117,0
DA:118,0
LF:42
LH:29
end_of_record
SF:lib/features/chat/presentation/widgets/message_list.dart
DA:7,2
DA:9,2
DA:11,2
DA:13,4
DA:14,1
DA:15,6
DA:16,2
DA:18,1
DA:20,1
DA:23,1
DA:24,1
DA:25,1
DA:27,1
DA:28,1
DA:29,1
DA:31,1
DA:33,1
DA:34,1
DA:35,1
DA:36,1
DA:37,1
DA:45,1
DA:46,1
DA:47,1
DA:51,1
DA:52,1
DA:53,2
DA:54,1
DA:70,1
DA:71,4
DA:72,3
LF:31
LH:31
end_of_record
SF:lib/features/chat/presentation/widgets/connection_button.dart
DA:6,2
DA:8,2
DA:9,2
DA:17,2
DA:19,2
DA:20,2
DA:21,2
DA:23,2
DA:24,2
DA:25,2
DA:26,2
DA:31,2
DA:34,2
DA:36,2
DA:37,2
DA:38,3
DA:40,0
DA:41,0
DA:42,0
DA:44,0
DA:45,0
DA:50,2
DA:51,2
DA:52,0
DA:54,0
DA:55,0
DA:58,2
DA:73,2
DA:75,4
DA:76,2
LF:30
LH:22
end_of_record
